<?xml version="1.0" encoding="UTF-8"?>
<!-- Generated by org.testng.reporters.JUnitReportReporter -->
<testsuite skipped="0" hostname="DESKTOP-2N28VDH" name="qaclickacademy.SeleniumTest" tests="2" failures="0" timestamp="2018-12-12T16:19:25 IST" time="0.010" errors="0">
  <testcase name="ElementsUI" time="0.001" classname="qaclickacademy.SeleniumTest"/>
  <testcase name="BrowerAutomation" time="0.009" classname="qaclickacademy.SeleniumTest"/>
</testsuite> <!-- qaclickacademy.SeleniumTest -->
