<?xml version="1.0" encoding="UTF-8"?>
<!-- Generated by org.testng.reporters.JUnitReportReporter -->
<testsuite skipped="0" hostname="DESKTOP-2N28VDH" name="qaclickacademy.AppiumTest" tests="2" failures="0" timestamp="2018-12-12T16:19:25 IST" time="0.000" errors="0">
  <testcase name="AndroidApps" time="0.000" classname="qaclickacademy.AppiumTest"/>
  <testcase name="IOSApps" time="0.000" classname="qaclickacademy.AppiumTest"/>
</testsuite> <!-- qaclickacademy.AppiumTest -->
